C51 COMPILER V9.59.0.0   MAIN                                                              06/26/2019 13:53:04 PAGE 1   


C51 COMPILER V9.59.0.0, COMPILATION OF MODULE MAIN
OBJECT MODULE PLACED IN main.OBJ
COMPILER INVOKED BY: D:\KEIL5\C51\BIN\C51.EXE main.c OPTIMIZE(8,SPEED) BROWSE DEBUG OBJECTEXTEND TABS(2)

line level    source

   1          /**************************************************************************************
   2          *                 8*8LED点阵―――显示数字实验                          *
   3          实现现象：下载程序后点阵上显示数字0
   4                
   5          注意事项：一定要将JOE短接片短接到GND端，如果不需要595后面的小灯点亮可以拔掉JP595短接片。                                    
             -      
   6          ***************************************************************************************/
   7          
   8          #include "reg51.h"       //此文件中定义了单片机的一些特殊功能寄存器
   9          #include<intrins.h>
  10          
  11          typedef unsigned int u16;   //对数据类型进行声明定义
  12          typedef unsigned char u8;
  13          
  14          sbit SRCLK=P3^6;
  15          sbit RCLK=P3^5;
  16          sbit SER=P3^4;
  17          
  18          u8 ledduan[]={0x00,0x00,0x3e,0x41,0x41,0x41,0x3e,0x00};
  19          u8 ledwei[]={0x7f,0xbf,0xdf,0xef,0xf7,0xfb,0xfd,0xfe};
  20          /*******************************************************************************
  21          * 函 数 名         : delay
  22          * 函数功能       : 延时函数，i=1时，大约延时10us
  23          *******************************************************************************/
  24          void delay(u16 i)
  25          {
  26   1        while(i--); 
  27   1      }
  28          
  29          /*******************************************************************************
  30          * 函数名         : Hc595SendByte(u8 dat)
  31          * 函数功能       : 向74HC595发送一个字节的数据
  32          * 输入           : 无
  33          * 输出           : 无
  34          *******************************************************************************/
  35          void Hc595SendByte(u8 dat)
  36          {
  37   1        u8 a;
  38   1        SRCLK=0;
  39   1        RCLK=0;
  40   1        for(a=0;a<8;a++)
  41   1        {
  42   2          SER=dat>>7;
  43   2          dat<<=1;
  44   2      
  45   2          SRCLK=1;
  46   2          _nop_();
  47   2          _nop_();
  48   2          SRCLK=0;  
  49   2        }
  50   1      
  51   1        RCLK=1;
  52   1        _nop_();
  53   1        _nop_();
  54   1        RCLK=0;
C51 COMPILER V9.59.0.0   MAIN                                                              06/26/2019 13:53:04 PAGE 2   

  55   1      }
  56          
  57          /*******************************************************************************
  58          * 函 数 名       : main
  59          * 函数功能     : 主函数
  60          * 输    入       : 无
  61          * 输    出       : 无
  62          *******************************************************************************/
  63          void main()
  64          {     
  65   1        u8 i;
  66   1        while(1)
  67   1        {
  68   2          P0=0x7f;
  69   2          for(i=0;i<8;i++)
  70   2          {
  71   3            P0=ledwei[i];     //位选
  72   3            Hc595SendByte(ledduan[i]);  //发送段选数据
  73   3            delay(100);      //延时
  74   3            Hc595SendByte(0x00);  //消隐
  75   3          } 
  76   2        }   
  77   1      }


MODULE INFORMATION:   STATIC OVERLAYABLE
   CODE SIZE        =    104    ----
   CONSTANT SIZE    =   ----    ----
   XDATA SIZE       =   ----    ----
   PDATA SIZE       =   ----    ----
   DATA SIZE        =     16    ----
   IDATA SIZE       =   ----    ----
   BIT SIZE         =   ----    ----
END OF MODULE INFORMATION.


C51 COMPILATION COMPLETE.  0 WARNING(S),  0 ERROR(S)
