C51 COMPILER V9.01   MAIN                                                                  05/08/2020 15:54:26 PAGE 1   


C51 COMPILER V9.01, COMPILATION OF MODULE MAIN
OBJECT MODULE PLACED IN main.OBJ
COMPILER INVOKED BY: D:\YZ\KEILC51\C51\BIN\C51.EXE main.c BROWSE DEBUG OBJECTEXTEND

line level    source

   1          /*************************************************************************************
   2          
   3          *
   4          实验现象：下载程序后"蜂鸣器模块"的蜂鸣器发声
   5          接线说明：      
   6          注意事项：                                                                              
   7          
   8                                                                                            
   9          **************************************************************************************
  10          
  11          */
  12          
  13          #include "reg52.h"                       //此文件中定义了单片机的一些特殊功能寄存器
  14          #include<intrins.h>             //因为要用到左右移函数，所以加入这个头文件
  15          
  16          typedef unsigned int u16;         //对数据类型进行声明定义
  17          typedef unsigned char u8;
  18          
  19          sbit beep=P2^5;    
  20          
  21          /*******************************************************************************
  22          * 函 数 名         : delay
  23          * 函数功能                 : 延时函数，i=1时，大约延时10us
  24          *******************************************************************************/
  25          void delay(u16 i)
  26          {
  27   1              while(i--);     
  28   1      }
  29          
  30          /*******************************************************************************
  31          * 函 数 名       : main
  32          * 函数功能               : 主函数
  33          * 输    入       : 无
  34          * 输    出       : 无
  35          *******************************************************************************/
  36          void main()
  37          {       
  38   1              while(1)
  39   1              {       
  40   2                      beep=~beep;
  41   2                      delay(100); //延时大约1ms   通过修改此延时时间达到不同的发声效果        
  42   2              }
  43   1      }


MODULE INFORMATION:   STATIC OVERLAYABLE
   CODE SIZE        =     22    ----
   CONSTANT SIZE    =   ----    ----
   XDATA SIZE       =   ----    ----
   PDATA SIZE       =   ----    ----
   DATA SIZE        =   ----    ----
   IDATA SIZE       =   ----    ----
   BIT SIZE         =   ----    ----
END OF MODULE INFORMATION.


C51 COMPILATION COMPLETE.  0 WARNING(S),  0 ERROR(S)
