C51 COMPILER V9.01   XPT2046                                                               04/10/2019 14:01:40 PAGE 1   


C51 COMPILER V9.01, COMPILATION OF MODULE XPT2046
OBJECT MODULE PLACED IN XPT2046.OBJ
COMPILER INVOKED BY: C:\Keil_v5\C51\BIN\C51.EXE XPT2046.c OPTIMIZE(8,SPEED) BROWSE DEBUG OBJECTEXTEND TABS(2)

line level    source

   1          #include"XPT2046.h"
   2          
   3          /****************************************************************************
   4          *函数名：SPI_Write
   5          *输  入：dat：写入数据
   6          *输  出：无
   7          *功  能：使用SPI写入数据
   8          ****************************************************************************/
   9          
  10          void SPI_Write(uchar dat)
  11          {
  12   1        uchar i;
  13   1        CLK = 0;
  14   1        for(i=0; i<8; i++)
  15   1        {
  16   2          DIN = dat >> 7;   //放置最高位
  17   2          dat <<= 1;
  18   2          CLK = 0;      //上升沿放置数据
  19   2      
  20   2          CLK = 1;
  21   2      
  22   2        }
  23   1      }
  24          /****************************************************************************
  25          *函数名：SPI_Read
  26          *输  入：无
  27          *输  出：dat：读取 到的数据
  28          *功  能：使用SPI读取数据
  29          ****************************************************************************/
  30          
  31          uint SPI_Read(void)
  32          {
  33   1        uint i, dat=0;
  34   1        CLK = 0;
  35   1        for(i=0; i<12; i++)   //接收12位数据
  36   1        {
  37   2          dat <<= 1;
  38   2      
  39   2          CLK = 1;
  40   2          CLK = 0;
  41   2      
  42   2          dat |= DOUT;
  43   2      
  44   2        }
  45   1        return dat; 
  46   1      }
  47          
  48          /****************************************************************************
  49          *函数名：Read_AD_Data
  50          *输  入：cmd：读取的X或者Y
  51          *输  出：endValue：最终信号处理后返回的值
  52          *功  能：读取触摸数据
  53          ****************************************************************************/
  54          uint Read_AD_Data(uchar cmd)
  55          {
C51 COMPILER V9.01   XPT2046                                                               04/10/2019 14:01:40 PAGE 2   

  56   1        uchar i;
  57   1        uint AD_Value;
  58   1        CLK = 0;
  59   1        CS  = 0;
  60   1        SPI_Write(cmd);
  61   1        for(i=6; i>0; i--);   //延时等待转换结果
  62   1        CLK = 1;    //发送一个时钟周期，清除BUSY
  63   1        _nop_();
  64   1        _nop_();
  65   1        CLK = 0;
  66   1        _nop_();
  67   1        _nop_();
  68   1        AD_Value=SPI_Read();
  69   1        CS = 1;
  70   1        return AD_Value;  
  71   1      }


MODULE INFORMATION:   STATIC OVERLAYABLE
   CODE SIZE        =     89    ----
   CONSTANT SIZE    =   ----    ----
   XDATA SIZE       =   ----    ----
   PDATA SIZE       =   ----    ----
   DATA SIZE        =   ----    ----
   IDATA SIZE       =   ----    ----
   BIT SIZE         =   ----    ----
END OF MODULE INFORMATION.


C51 COMPILATION COMPLETE.  0 WARNING(S),  0 ERROR(S)
