C51 COMPILER V9.01   MAIN                                                                  04/10/2019 10:56:43 PAGE 1   


C51 COMPILER V9.01, COMPILATION OF MODULE MAIN
OBJECT MODULE PLACED IN main.OBJ
COMPILER INVOKED BY: C:\Keil_v5\C51\BIN\C51.EXE main.c OPTIMIZE(8,SPEED) BROWSE DEBUG OBJECTEXTEND TABS(2)

line level    source

   1          /*************************************************************************************
   2          
   3          *
   4          实验现象：下载程序后数码管显示0，按下矩阵按键上的按键显示对应的数字
   5               
   6          注意事项：                    
   7          
   8                                
   9          **************************************************************************************
  10          
  11          */
  12          #include "reg52.h"       //此文件中定义了单片机的一些特殊功能寄存器
  13          
  14          typedef unsigned int u16;   //对数据类型进行声明定义
  15          typedef unsigned char u8;
  16          
  17          #define GPIO_DIG P0
  18          #define GPIO_KEY P1
  19          
  20          
  21          u8 KeyValue;  //用来存放读取到的键值
  22          
  23          
  24          u8 code smgduan[17]={0xc0,0xf9,0xa4,0xb0,0x99,0x92,0x82,0xf8,
  25                    0x80,0x90,0x88,0x83,0xc6,0xa1,0x86,0x8e};//显示0~F的值
  26          
  27          /*******************************************************************************
  28          * 函 数 名         : delay
  29          * 函数功能       : 延时函数，i=1时，大约延时10us
  30          *******************************************************************************/
  31          void delay(u16 i)
  32          {
  33   1        while(i--); 
  34   1      }
  35          
  36          /*******************************************************************************
  37          * 函 数 名         : KeyDown
  38          * 函数功能       : 检测有按键按下并读取键值
  39          * 输    入         : 无
  40          * 输    出         : 无
  41          *******************************************************************************/
  42          void KeyDown(void)
  43          {
  44   1        char a=0;
  45   1        GPIO_KEY=0x0f;
  46   1        if(GPIO_KEY!=0x0f)//读取按键是否按下
  47   1        {
  48   2          delay(1000);//延时10ms进行消抖
  49   2          if(GPIO_KEY!=0x0f)//再次检测键盘是否按下
  50   2          { 
  51   3            //测试列
  52   3            GPIO_KEY=0X0F;
  53   3            switch(GPIO_KEY)
  54   3            {
  55   4              case(0X07): KeyValue=0;break;
C51 COMPILER V9.01   MAIN                                                                  04/10/2019 10:56:43 PAGE 2   

  56   4              case(0X0b): KeyValue=1;break;
  57   4              case(0X0d): KeyValue=2;break;
  58   4              case(0X0e): KeyValue=3;break;
  59   4            }
  60   3            //测试行
  61   3            GPIO_KEY=0XF0;
  62   3            switch(GPIO_KEY)
  63   3            {
  64   4              case(0X70): KeyValue=KeyValue;break;
  65   4              case(0Xb0): KeyValue=KeyValue+4;break;
  66   4              case(0Xd0): KeyValue=KeyValue+8;break;
  67   4              case(0Xe0): KeyValue=KeyValue+12;break;
  68   4            }
  69   3            
  70   3          }
  71   2        }
  72   1        while((a<50)&&(GPIO_KEY!=0xf0))  //检测按键松手检测
  73   1        {
  74   2          delay(100);
  75   2          a++;
  76   2        }
  77   1      }
  78          
  79          
  80          /*******************************************************************************
  81          * 函 数 名       : main
  82          * 函数功能     : 主函数
  83          * 输    入       : 无
  84          * 输    出       : 无
  85          *******************************************************************************/
  86          void main()
  87          { 
  88   1      
  89   1        while(1)
  90   1        { 
  91   2          KeyDown();       //按键判断函数
  92   2          GPIO_DIG=~smgduan[KeyValue];    //
  93   2        }   
  94   1      }


MODULE INFORMATION:   STATIC OVERLAYABLE
   CODE SIZE        =    157    ----
   CONSTANT SIZE    =     17    ----
   XDATA SIZE       =   ----    ----
   PDATA SIZE       =   ----    ----
   DATA SIZE        =      1       1
   IDATA SIZE       =   ----    ----
   BIT SIZE         =   ----    ----
END OF MODULE INFORMATION.


C51 COMPILATION COMPLETE.  0 WARNING(S),  0 ERROR(S)
