C51 COMPILER V9.01   MAIN                                                                  03/11/2021 17:37:19 PAGE 1   


C51 COMPILER V9.01, COMPILATION OF MODULE MAIN
OBJECT MODULE PLACED IN .\output\main.obj
COMPILER INVOKED BY: D:\Program\keil\C51\BIN\C51.EXE User\main.c BROWSE INCDIR(.\User;.\Public;.\GUI;.\APP\tftlcd;.\APP\
                    -touch) DEBUG OBJECTEXTEND PRINT(.\output\main.lst) OBJECT(.\output\main.obj)

line level    source

   1          #include "public.h"  
   2          #include "uart.h"
   3          #include "tftlcd.h"
   4          #include "gui.h"
   5          #include "touch.h"
   6          //#include "picture.h"
   7          
   8          
   9          
  10          void main()
  11          {
  12   1      
  13   1              UART_Init();
  14   1              TFTLCD_Init();
  15   1                      
  16   1              FRONT_COLOR=WHITE;
  17   1              LCD_ShowFontHZ(tftlcd_data.width/2-2*24-12, 10,"Bezhuang");
  18   1              LCD_ShowString(tftlcd_data.width/2-7*12,40,tftlcd_data.width,tftlcd_data.height,24,"2021-03-12  22Yo");
  19   1              //LCD_ShowPicture(10,60,56,56,gImage_picture);
  20   1      
  21   1      
  22   1                      
  23   1              while(1)
  24   1              {
  25   2                      
  26   2              }                                       
  27   1      }


MODULE INFORMATION:   STATIC OVERLAYABLE
   CODE SIZE        =     86    ----
   CONSTANT SIZE    =     26    ----
   XDATA SIZE       =   ----    ----
   PDATA SIZE       =   ----    ----
   DATA SIZE        =   ----    ----
   IDATA SIZE       =   ----    ----
   BIT SIZE         =   ----    ----
END OF MODULE INFORMATION.


C51 COMPILATION COMPLETE.  0 WARNING(S),  0 ERROR(S)
