C51 COMPILER V9.01   MAIN                                                                  04/10/2019 11:04:26 PAGE 1   


C51 COMPILER V9.01, COMPILATION OF MODULE MAIN
OBJECT MODULE PLACED IN main.OBJ
COMPILER INVOKED BY: C:\Keil_v5\C51\BIN\C51.EXE main.c OPTIMIZE(8,SPEED) BROWSE DEBUG OBJECTEXTEND TABS(2)

line level    source

   1          /**************************************************************************************
   2          实验现象：下载程序后，LED点阵左上角第一个点的LED被点亮果
   3                
   4          接线说明： (具体接线图可见开发攻略对应实验的“实验现象”章节)
   5            
   6          注意事项：                                        
   7          
   8            
   9          ***************************************************************************************/
  10          
  11          #include "reg51.h"       //此文件中定义了单片机的一些特殊功能寄存器
  12          #include "intrins.h"
  13          
  14          typedef unsigned int u16;   //对数据类型进行声明定义
  15          typedef unsigned char u8;
  16          
  17          //--定义使用的IO口--//
  18          sbit SRCLK=P3^6;
  19          sbit RCLK=P3^5;
  20          sbit SER=P3^4;
  21          sbit LED=P0^7;
  22          
  23          /*******************************************************************************
  24          * 函 数 名         : Hc595SendByte(u8 dat1,u8 dat2)
  25          * 函数功能       : 通过595发送2个字节的数据
  26          * 输    入         : dat1：第2个595输出数值
  27          *                  * dat2: 第1个595输出数值
  28          * 输    出         : 无
  29          *******************************************************************************/
  30          void Hc595SendByte(u8 dat1,u8 dat2)
  31          {
  32   1        u8 a;
  33   1      
  34   1        SRCLK = 1;
  35   1        RCLK = 1;
  36   1      
  37   1        for(a=0;a<8;a++)     //发送8位数
  38   1        {
  39   2          SER = dat1 >> 7;     //从最高位开始发送
  40   2          dat1 <<= 1;
  41   2      
  42   2          SRCLK = 0;       //发送时序
  43   2          _nop_();
  44   2          _nop_();
  45   2          SRCLK = 1;  
  46   2        }
  47   1      
  48   1        for(a=0;a<8;a++)     //发送8位数
  49   1        {
  50   2          SER = dat2 >> 7;     //从最高位开始发送
  51   2          dat2 <<= 1;
  52   2      
  53   2          SRCLK = 0;       //发送时序
  54   2          _nop_();
  55   2          _nop_();
C51 COMPILER V9.01   MAIN                                                                  04/10/2019 11:04:26 PAGE 2   

  56   2          SRCLK = 1;  
  57   2        }
  58   1      
  59   1        RCLK = 0;
  60   1        _nop_();
  61   1        _nop_();
  62   1        RCLK = 1;
  63   1      }
  64          
  65          
  66          /*******************************************************************************
  67          * 函 数 名       : main
  68          * 函数功能     : 主函数
  69          * 输    入       : 无
  70          * 输    出       : 无
  71          *******************************************************************************/
  72          void main()
  73          { LED=0;  //使第一列为低电平。
  74   1        
  75   1        while(1)
  76   1        {
  77   2           Hc595SendByte(0xfe,0x01);
  78   2        }   
  79   1      }


MODULE INFORMATION:   STATIC OVERLAYABLE
   CODE SIZE        =     76    ----
   CONSTANT SIZE    =   ----    ----
   XDATA SIZE       =   ----    ----
   PDATA SIZE       =   ----    ----
   DATA SIZE        =   ----    ----
   IDATA SIZE       =   ----    ----
   BIT SIZE         =   ----    ----
END OF MODULE INFORMATION.


C51 COMPILATION COMPLETE.  0 WARNING(S),  0 ERROR(S)
