C51 COMPILER V9.01   MAIN                                                                  04/10/2019 13:40:42 PAGE 1   


C51 COMPILER V9.01, COMPILATION OF MODULE MAIN
OBJECT MODULE PLACED IN main.OBJ
COMPILER INVOKED BY: C:\Keil_v5\C51\BIN\C51.EXE main.c OPTIMIZE(8,SPEED) BROWSE DEBUG OBJECTEXTEND TABS(2)

line level    source

   1          /**************************************************************************************
   2          实验现象：下载程序后，静态数码管间隔一秒循环显示0-F
   3                
   4          接线说明： (具体接线图可见开发攻略对应实验的“实验现象”章节)
   5                 1，单片机-->静态数码管模块
   6                    J22-->J8  
   7            
   8          注意事项：                                        
   9          
  10            
  11          ***************************************************************************************/
  12          
  13          #include "reg52.h"       //此文件中定义了单片机的一些特殊功能寄存器
  14          
  15          typedef unsigned int u16;   //对数据类型进行声明定义
  16          typedef unsigned char u8;
  17          
  18          
  19          u8 code smgduan[17]={0x3f,0x06,0x5b,0x4f,0x66,0x6d,0x7d,0x07,
  20                    0x7f,0x6f,0x77,0x7c,0x39,0x5e,0x79,0x71};//显示0~F的值
  21          u8 n=0;
  22          /*******************************************************************************
  23          * 函 数 名         : Timer1Init
  24          * 函数功能       : 定时器1初始化
  25          * 输    入         : 无
  26          * 输    出         : 无
  27          *******************************************************************************/
  28          void Timer1Init()
  29          {
  30   1        TMOD|=0X10;//选择为定时器1模式，工作方式1，仅用TR1打开启动。
  31   1      
  32   1        TH1=0XFC; //给定时器赋初值，定时1ms
  33   1        TL1=0X18; 
  34   1        ET1=1;//打开定时器1中断允许
  35   1        EA=1;//打开总中断
  36   1        TR1=1;//打开定时器      
  37   1      }
  38          
  39          /*******************************************************************************
  40          * 函 数 名       : main
  41          * 函数功能     : 主函数
  42          * 输    入       : 无
  43          * 输    出       : 无
  44          *******************************************************************************/
  45          void main()
  46          { 
  47   1        Timer1Init();  //定时器1初始化
  48   1        while(1);   
  49   1      }
  50          
  51          /*******************************************************************************
  52          * 函 数 名         : void Timer1() interrupt 3
  53          * 函数功能       : 定时器0中断函数
  54          * 输    入         : 无
  55          * 输    出         : 无
C51 COMPILER V9.01   MAIN                                                                  04/10/2019 13:40:42 PAGE 2   

  56          *******************************************************************************/
  57          void Timer1() interrupt 3
  58          {
  59   1        static u16 i;
  60   1        TH1=0XFC; //给定时器赋初值，定时1ms
  61   1        TL1=0X18;
  62   1        i++;
  63   1        if(i==1000)
  64   1        {
  65   2          i=0;
  66   2          P0=smgduan[n++];
  67   2          if(n==16)n=0; 
  68   2        } 
  69   1      }


MODULE INFORMATION:   STATIC OVERLAYABLE
   CODE SIZE        =     92    ----
   CONSTANT SIZE    =     17    ----
   XDATA SIZE       =   ----    ----
   PDATA SIZE       =   ----    ----
   DATA SIZE        =      3    ----
   IDATA SIZE       =   ----    ----
   BIT SIZE         =   ----    ----
END OF MODULE INFORMATION.


C51 COMPILATION COMPLETE.  0 WARNING(S),  0 ERROR(S)
