C51 COMPILER V9.01   MAIN                                                                  04/10/2019 13:54:00 PAGE 1   


C51 COMPILER V9.01, COMPILATION OF MODULE MAIN
OBJECT MODULE PLACED IN main.OBJ
COMPILER INVOKED BY: C:\Keil_v5\C51\BIN\C51.EXE main.c OPTIMIZE(8,SPEED) BROWSE DEBUG OBJECTEXTEND TABS(2)

line level    source

   1          /*************************************************************************************
   2          
   3          *
   4          实验现象：下载程序后，数码管显示时钟
   5                
   6          接线说明： (具体接线图可见开发攻略对应实验的“实验现象”章节)
   7                 1，单片机-->DS1302时钟模块
   8                    P34-->DIO
   9                  P35-->CE
  10                  P36-->CLK
  11                 2，单片机-->动态数码管模块
  12                    J22-->J6
  13                  P22-->J9(A)
  14                  P23-->J9(B)
  15                  P24-->J9(C) 
  16            
  17          注意事项：                    
  18          
  19                                
  20          **************************************************************************************
  21          
  22          */
  23          
  24          #include "reg52.h"       //此文件中定义了单片机的一些特殊功能寄存器
  25          #include "ds1302.h" 
  26          
  27          typedef unsigned int u16;   //对数据类型进行声明定义
  28          typedef unsigned char u8;
  29          
  30          sbit LSA=P2^2;
  31          sbit LSB=P2^3;
  32          sbit LSC=P2^4;
  33          
  34          
  35          char num=0;
  36          u8 DisplayData[8];
  37          u8 code smgduan[10]={0x3f,0x06,0x5b,0x4f,0x66,0x6d,0x7d,0x07,0x7f,0x6f};
  38          
  39          /*******************************************************************************
  40          * 函 数 名         : delay
  41          * 函数功能       : 延时函数，i=1时，大约延时10us
  42          *******************************************************************************/
  43          void delay(u16 i)
  44          {
  45   1        while(i--); 
  46   1      }
  47          
  48          
  49          /*******************************************************************************
  50          * 函 数 名         : datapros()
  51          * 函数功能       : 时间读取处理转换函数
  52          * 输    入         : 无
  53          * 输    出         : 无
  54          *******************************************************************************/
  55          
C51 COMPILER V9.01   MAIN                                                                  04/10/2019 13:54:00 PAGE 2   

  56          void datapros()    
  57          {
  58   1          Ds1302ReadTime();
  59   1        DisplayData[0] = smgduan[TIME[2]/16];       //时
  60   1        DisplayData[1] = smgduan[TIME[2]&0x0f];        
  61   1        DisplayData[2] = 0x40;
  62   1        DisplayData[3] = smgduan[TIME[1]/16];       //分
  63   1        DisplayData[4] = smgduan[TIME[1]&0x0f]; 
  64   1        DisplayData[5] = 0x40;
  65   1        DisplayData[6] = smgduan[TIME[0]/16];       //秒
  66   1        DisplayData[7] = smgduan[TIME[0]&0x0f];
  67   1      }
  68          
  69          
  70          /*******************************************************************************
  71          * 函数名         :DigDisplay()
  72          * 函数功能     :数码管显示函数
  73          * 输入           : 无
  74          * 输出           : 无
  75          *******************************************************************************/
  76          void DigDisplay()
  77          {
  78   1        u8 i;
  79   1        for(i=0;i<8;i++)
  80   1        {
  81   2          switch(i)  //位选，选择点亮的数码管，
  82   2          {
  83   3            case(0):
  84   3              LSA=1;LSB=1;LSC=1; break;//显示第0位
  85   3            case(1):
  86   3              LSA=0;LSB=1;LSC=1; break;//显示第1位
  87   3            case(2):
  88   3              LSA=1;LSB=0;LSC=1; break;//显示第2位
  89   3            case(3):
  90   3              LSA=0;LSB=0;LSC=1; break;//显示第3位
  91   3            case(4):
  92   3              LSA=1;LSB=1;LSC=0; break;//显示第4位
  93   3            case(5):
  94   3              LSA=0;LSB=1;LSC=0; break;//显示第5位
  95   3            case(6):
  96   3              LSA=1;LSB=0;LSC=0; break;//显示第6位
  97   3              case(7):
  98   3              LSA=0;LSB=0;LSC=0; break;//显示第7位
  99   3          }
 100   2          P0=DisplayData[i];//发送数据
 101   2          delay(100); //间隔一段时间扫描  
 102   2          P0=0x00;//消隐
 103   2        }   
 104   1      }
 105          
 106          /*******************************************************************************
 107          * 函 数 名       : main
 108          * 函数功能     : 主函数
 109          * 输    入       : 无
 110          * 输    出       : 无
 111          *******************************************************************************/
 112          void main()
 113          { 
 114   1        //Ds1302Init();    //第一次初始化后就可以注释该条语句，这样下次重启就不会再次初始化了
 115   1        while(1)
 116   1        {
 117   2          datapros();  //数据处理函数
C51 COMPILER V9.01   MAIN                                                                  04/10/2019 13:54:00 PAGE 3   

 118   2          DigDisplay();//数码管显示函数   
 119   2        }   
 120   1      }
 121          


MODULE INFORMATION:   STATIC OVERLAYABLE
   CODE SIZE        =    186    ----
   CONSTANT SIZE    =     10    ----
   XDATA SIZE       =   ----    ----
   PDATA SIZE       =   ----    ----
   DATA SIZE        =      9    ----
   IDATA SIZE       =   ----    ----
   BIT SIZE         =   ----    ----
END OF MODULE INFORMATION.


C51 COMPILATION COMPLETE.  0 WARNING(S),  0 ERROR(S)
